2017-07-11 16:47:52,974 p=14076 u=automation |   14076 1499762872.97332: starting run
2017-07-11 16:47:53,046 p=14076 u=automation |  Using /home/automation/ansible/playbooks/ansible.cfg as config file
2017-07-11 16:47:53,047 p=14076 u=automation |   14076 1499762873.04684: Loading CacheModule 'memory' from /usr/local/lib/python2.7/dist-packages/ansible/plugins/cache/memory.py
2017-07-11 16:47:53,092 p=14076 u=automation |   14076 1499762873.09251: Loading CallbackModule 'default' from /usr/local/lib/python2.7/dist-packages/ansible/plugins/callback/default.py
2017-07-11 16:47:53,093 p=14076 u=automation |  Loading callback plugin default of type stdout, v2.0 from /usr/local/lib/python2.7/dist-packages/ansible/plugins/callback/__init__.pyc
2017-07-11 16:47:53,094 p=14076 u=automation |   14076 1499762873.09377: Loading CallbackModule 'actionable' from /usr/local/lib/python2.7/dist-packages/ansible/plugins/callback/actionable.py (found_in_cache=False, class_only=True)
2017-07-11 16:47:53,094 p=14076 u=automation |   14076 1499762873.09450: Loading CallbackModule 'context_demo' from /usr/local/lib/python2.7/dist-packages/ansible/plugins/callback/context_demo.py (found_in_cache=False, class_only=True)
2017-07-11 16:47:53,095 p=14076 u=automation |   14076 1499762873.09503: Loading CallbackModule 'debug' from /usr/local/lib/python2.7/dist-packages/ansible/plugins/callback/debug.py (found_in_cache=False, class_only=True)
2017-07-11 16:47:53,095 p=14076 u=automation |   14076 1499762873.09551: Loading CallbackModule 'default' from /usr/local/lib/python2.7/dist-packages/ansible/plugins/callback/default.py (found_in_cache=False, class_only=True)
2017-07-11 16:47:53,096 p=14076 u=automation |   14076 1499762873.09613: Loading CallbackModule 'dense' from /usr/local/lib/python2.7/dist-packages/ansible/plugins/callback/dense.py (found_in_cache=False, class_only=True)
2017-07-11 16:47:53,097 p=14076 u=automation |   14076 1499762873.09690: Loading CallbackModule 'foreman' from /usr/local/lib/python2.7/dist-packages/ansible/plugins/callback/foreman.py (found_in_cache=False, class_only=True)
2017-07-11 16:47:53,101 p=14076 u=automation |   14076 1499762873.10119: Loading CallbackModule 'hipchat' from /usr/local/lib/python2.7/dist-packages/ansible/plugins/callback/hipchat.py (found_in_cache=False, class_only=True)
2017-07-11 16:47:53,102 p=14076 u=automation |   14076 1499762873.10184: Loading CallbackModule 'jabber' from /usr/local/lib/python2.7/dist-packages/ansible/plugins/callback/jabber.py (found_in_cache=False, class_only=True)
2017-07-11 16:47:53,102 p=14076 u=automation |   14076 1499762873.10233: Loading CallbackModule 'json' from /usr/local/lib/python2.7/dist-packages/ansible/plugins/callback/json.py (found_in_cache=False, class_only=True)
2017-07-11 16:47:53,103 p=14076 u=automation |   14076 1499762873.10288: Loading CallbackModule 'junit' from /usr/local/lib/python2.7/dist-packages/ansible/plugins/callback/junit.py (found_in_cache=False, class_only=True)
2017-07-11 16:47:53,103 p=14076 u=automation |   14076 1499762873.10337: Loading CallbackModule 'log_plays' from /usr/local/lib/python2.7/dist-packages/ansible/plugins/callback/log_plays.py (found_in_cache=False, class_only=True)
2017-07-11 16:47:53,104 p=14076 u=automation |   14076 1499762873.10409: Loading CallbackModule 'logentries' from /usr/local/lib/python2.7/dist-packages/ansible/plugins/callback/logentries.py (found_in_cache=False, class_only=True)
2017-07-11 16:47:53,105 p=14076 u=automation |   14076 1499762873.10480: Loading CallbackModule 'logstash' from /usr/local/lib/python2.7/dist-packages/ansible/plugins/callback/logstash.py (found_in_cache=False, class_only=True)
2017-07-11 16:47:53,106 p=14076 u=automation |   14076 1499762873.10574: Loading CallbackModule 'mail' from /usr/local/lib/python2.7/dist-packages/ansible/plugins/callback/mail.py (found_in_cache=False, class_only=True)
2017-07-11 16:47:53,106 p=14076 u=automation |   14076 1499762873.10632: Loading CallbackModule 'minimal' from /usr/local/lib/python2.7/dist-packages/ansible/plugins/callback/minimal.py (found_in_cache=False, class_only=True)
2017-07-11 16:47:53,107 p=14076 u=automation |   14076 1499762873.10678: Loading CallbackModule 'oneline' from /usr/local/lib/python2.7/dist-packages/ansible/plugins/callback/oneline.py (found_in_cache=False, class_only=True)
2017-07-11 16:47:53,107 p=14076 u=automation |   14076 1499762873.10741: Loading CallbackModule 'osx_say' from /usr/local/lib/python2.7/dist-packages/ansible/plugins/callback/osx_say.py (found_in_cache=False, class_only=True)
2017-07-11 16:47:53,108 p=14076 u=automation |   14076 1499762873.10801: Loading CallbackModule 'profile_tasks' from /usr/local/lib/python2.7/dist-packages/ansible/plugins/callback/profile_tasks.py (found_in_cache=False, class_only=True)
2017-07-11 16:47:53,109 p=14076 u=automation |   14076 1499762873.10870: Loading CallbackModule 'selective' from /usr/local/lib/python2.7/dist-packages/ansible/plugins/callback/selective.py (found_in_cache=False, class_only=True)
2017-07-11 16:47:53,109 p=14076 u=automation |   14076 1499762873.10921: Loading CallbackModule 'skippy' from /usr/local/lib/python2.7/dist-packages/ansible/plugins/callback/skippy.py (found_in_cache=False, class_only=True)
2017-07-11 16:47:53,109 p=14076 u=automation |   14076 1499762873.10968: Loading CallbackModule 'slack' from /usr/local/lib/python2.7/dist-packages/ansible/plugins/callback/slack.py (found_in_cache=False, class_only=True)
2017-07-11 16:47:53,110 p=14076 u=automation |   14076 1499762873.11052: Loading CallbackModule 'syslog_json' from /usr/local/lib/python2.7/dist-packages/ansible/plugins/callback/syslog_json.py (found_in_cache=False, class_only=True)
2017-07-11 16:47:53,111 p=14076 u=automation |   14076 1499762873.11117: Loading CallbackModule 'timer' from /usr/local/lib/python2.7/dist-packages/ansible/plugins/callback/timer.py (found_in_cache=False, class_only=True)
2017-07-11 16:47:53,111 p=14076 u=automation |   14076 1499762873.11173: Loading CallbackModule 'tree' from /usr/local/lib/python2.7/dist-packages/ansible/plugins/callback/tree.py (found_in_cache=False, class_only=True)
2017-07-11 16:47:53,112 p=14076 u=automation |  PLAYBOOK: pb.test.get_facts.yaml *************************************************************************************************
2017-07-11 16:47:53,112 p=14076 u=automation |  1 plays in pb.test.get_facts.yaml
2017-07-11 16:47:53,113 p=14076 u=automation |   14076 1499762873.11307: in VariableManager get_vars()
2017-07-11 16:47:53,115 p=14076 u=automation |   14076 1499762873.11526: Loading FilterModule 'core' from /usr/local/lib/python2.7/dist-packages/ansible/plugins/filter/core.py
2017-07-11 16:47:53,122 p=14076 u=automation |   14076 1499762873.12224: Loading FilterModule 'ipaddr' from /usr/local/lib/python2.7/dist-packages/ansible/plugins/filter/ipaddr.py
2017-07-11 16:47:53,123 p=14076 u=automation |   14076 1499762873.12314: Loading FilterModule 'json_query' from /usr/local/lib/python2.7/dist-packages/ansible/plugins/filter/json_query.py
2017-07-11 16:47:53,124 p=14076 u=automation |   14076 1499762873.12385: Loading FilterModule 'mathstuff' from /usr/local/lib/python2.7/dist-packages/ansible/plugins/filter/mathstuff.py
2017-07-11 16:47:53,125 p=14076 u=automation |   14076 1499762873.12538: Loading TestModule 'core' from /usr/local/lib/python2.7/dist-packages/ansible/plugins/test/core.py
2017-07-11 16:47:53,126 p=14076 u=automation |   14076 1499762873.12584: Loading TestModule 'files' from /usr/local/lib/python2.7/dist-packages/ansible/plugins/test/files.py
2017-07-11 16:47:53,126 p=14076 u=automation |   14076 1499762873.12619: Loading TestModule 'mathstuff' from /usr/local/lib/python2.7/dist-packages/ansible/plugins/test/mathstuff.py
2017-07-11 16:47:53,128 p=14076 u=automation |   14076 1499762873.12856: done with get_vars()
2017-07-11 16:47:53,129 p=14076 u=automation |   14076 1499762873.12929: in VariableManager get_vars()
2017-07-11 16:47:53,130 p=14076 u=automation |   14076 1499762873.12982: Loading FilterModule 'core' from /usr/local/lib/python2.7/dist-packages/ansible/plugins/filter/core.py (found_in_cache=True, class_only=False)
2017-07-11 16:47:53,130 p=14076 u=automation |   14076 1499762873.13016: Loading FilterModule 'ipaddr' from /usr/local/lib/python2.7/dist-packages/ansible/plugins/filter/ipaddr.py (found_in_cache=True, class_only=False)
2017-07-11 16:47:53,131 p=14076 u=automation |   14076 1499762873.13089: Loading FilterModule 'json_query' from /usr/local/lib/python2.7/dist-packages/ansible/plugins/filter/json_query.py (found_in_cache=True, class_only=False)
2017-07-11 16:47:53,131 p=14076 u=automation |   14076 1499762873.13131: Loading FilterModule 'mathstuff' from /usr/local/lib/python2.7/dist-packages/ansible/plugins/filter/mathstuff.py (found_in_cache=True, class_only=False)
2017-07-11 16:47:53,132 p=14076 u=automation |   14076 1499762873.13188: Loading TestModule 'core' from /usr/local/lib/python2.7/dist-packages/ansible/plugins/test/core.py (found_in_cache=True, class_only=False)
2017-07-11 16:47:53,132 p=14076 u=automation |   14076 1499762873.13221: Loading TestModule 'files' from /usr/local/lib/python2.7/dist-packages/ansible/plugins/test/files.py (found_in_cache=True, class_only=False)
2017-07-11 16:47:53,132 p=14076 u=automation |   14076 1499762873.13268: Loading TestModule 'mathstuff' from /usr/local/lib/python2.7/dist-packages/ansible/plugins/test/mathstuff.py (found_in_cache=True, class_only=False)
2017-07-11 16:47:53,133 p=14076 u=automation |   14076 1499762873.13353: done with get_vars()
2017-07-11 16:47:53,134 p=14076 u=automation |  PLAY [Get Device Facts] **********************************************************************************************************
2017-07-11 16:47:53,141 p=14076 u=automation |   14076 1499762873.14102: Loading StrategyModule 'linear' from /usr/local/lib/python2.7/dist-packages/ansible/plugins/strategy/linear.py
2017-07-11 16:47:53,143 p=14076 u=automation |   14076 1499762873.14320: getting the remaining hosts for this loop
2017-07-11 16:47:53,144 p=14076 u=automation |   14076 1499762873.14367: done getting the remaining hosts for this loop
2017-07-11 16:47:53,144 p=14076 u=automation |   14076 1499762873.14417: building list of next tasks for hosts
2017-07-11 16:47:53,144 p=14076 u=automation |   14076 1499762873.14459: getting the next task for host HAN
2017-07-11 16:47:53,145 p=14076 u=automation |   14076 1499762873.14503: done getting next task for host HAN
2017-07-11 16:47:53,145 p=14076 u=automation |   14076 1499762873.14543:  ^ task is: TASK: meta (flush_handlers)
2017-07-11 16:47:53,146 p=14076 u=automation |   14076 1499762873.14583:  ^ state is: HOST STATE: block=1, task=1, rescue=0, always=0, run_state=ITERATING_TASKS, fail_state=FAILED_NONE, pending_setup=False, tasks child state? (None), rescue child state? (None), always child state? (None), did rescue? False, did start at task? False
2017-07-11 16:47:53,146 p=14076 u=automation |   14076 1499762873.14624: done building task lists
2017-07-11 16:47:53,146 p=14076 u=automation |   14076 1499762873.14672: counting tasks in each state of execution
2017-07-11 16:47:53,149 p=14076 u=automation |   14076 1499762873.14735: done counting tasks in each state of execution:
	num_setups: 0
	num_tasks: 1
	num_rescue: 0
	num_always: 0
2017-07-11 16:47:53,149 p=14076 u=automation |   14076 1499762873.14922: advancing hosts in ITERATING_TASKS
2017-07-11 16:47:53,149 p=14076 u=automation |   14076 1499762873.14969: starting to advance hosts
2017-07-11 16:47:53,150 p=14076 u=automation |   14076 1499762873.15001: getting the next task for host HAN
2017-07-11 16:47:53,150 p=14076 u=automation |   14076 1499762873.15053: done getting next task for host HAN
2017-07-11 16:47:53,151 p=14076 u=automation |   14076 1499762873.15103:  ^ task is: TASK: meta (flush_handlers)
2017-07-11 16:47:53,151 p=14076 u=automation |   14076 1499762873.15135:  ^ state is: HOST STATE: block=1, task=1, rescue=0, always=0, run_state=ITERATING_TASKS, fail_state=FAILED_NONE, pending_setup=False, tasks child state? (None), rescue child state? (None), always child state? (None), did rescue? False, did start at task? False
2017-07-11 16:47:53,152 p=14076 u=automation |   14076 1499762873.15176: done advancing hosts to next task
2017-07-11 16:47:53,156 p=14076 u=automation |  META: ran handlers
2017-07-11 16:47:53,156 p=14076 u=automation |   14076 1499762873.15652: done queuing things up, now waiting for results queue to drain
2017-07-11 16:47:53,157 p=14076 u=automation |   14076 1499762873.15697: results queue empty
2017-07-11 16:47:53,157 p=14076 u=automation |   14076 1499762873.15745: checking for any_errors_fatal
2017-07-11 16:47:53,158 p=14076 u=automation |   14076 1499762873.15779: done checking for any_errors_fatal
2017-07-11 16:47:53,158 p=14076 u=automation |   14076 1499762873.15823: checking for max_fail_percentage
2017-07-11 16:47:53,158 p=14076 u=automation |   14076 1499762873.15861: done checking for max_fail_percentage
2017-07-11 16:47:53,159 p=14076 u=automation |   14076 1499762873.15894: checking to see if all hosts have failed and the running result is not ok
2017-07-11 16:47:53,159 p=14076 u=automation |   14076 1499762873.15930: done checking to see if all hosts have failed
2017-07-11 16:47:53,160 p=14076 u=automation |   14076 1499762873.15975: getting the remaining hosts for this loop
2017-07-11 16:47:53,160 p=14076 u=automation |   14076 1499762873.16013: done getting the remaining hosts for this loop
2017-07-11 16:47:53,160 p=14076 u=automation |   14076 1499762873.16058: building list of next tasks for hosts
2017-07-11 16:47:53,161 p=14076 u=automation |   14076 1499762873.16088: getting the next task for host HAN
2017-07-11 16:47:53,161 p=14076 u=automation |   14076 1499762873.16123: done getting next task for host HAN
2017-07-11 16:47:53,161 p=14076 u=automation |   14076 1499762873.16166:  ^ task is: TASK: Checking NETCONF connectivity
2017-07-11 16:47:53,162 p=14076 u=automation |   14076 1499762873.16202:  ^ state is: HOST STATE: block=2, task=1, rescue=0, always=0, run_state=ITERATING_TASKS, fail_state=FAILED_NONE, pending_setup=False, tasks child state? (None), rescue child state? (None), always child state? (None), did rescue? False, did start at task? False
2017-07-11 16:47:53,162 p=14076 u=automation |   14076 1499762873.16238: done building task lists
2017-07-11 16:47:53,163 p=14076 u=automation |   14076 1499762873.16279: counting tasks in each state of execution
2017-07-11 16:47:53,165 p=14076 u=automation |   14076 1499762873.16323: done counting tasks in each state of execution:
	num_setups: 0
	num_tasks: 1
	num_rescue: 0
	num_always: 0
2017-07-11 16:47:53,165 p=14076 u=automation |   14076 1499762873.16562: advancing hosts in ITERATING_TASKS
2017-07-11 16:47:53,166 p=14076 u=automation |   14076 1499762873.16602: starting to advance hosts
2017-07-11 16:47:53,166 p=14076 u=automation |   14076 1499762873.16638: getting the next task for host HAN
2017-07-11 16:47:53,167 p=14076 u=automation |   14076 1499762873.16679: done getting next task for host HAN
2017-07-11 16:47:53,167 p=14076 u=automation |   14076 1499762873.16714:  ^ task is: TASK: Checking NETCONF connectivity
2017-07-11 16:47:53,167 p=14076 u=automation |   14076 1499762873.16755:  ^ state is: HOST STATE: block=2, task=1, rescue=0, always=0, run_state=ITERATING_TASKS, fail_state=FAILED_NONE, pending_setup=False, tasks child state? (None), rescue child state? (None), always child state? (None), did rescue? False, did start at task? False
2017-07-11 16:47:53,168 p=14076 u=automation |   14076 1499762873.16794: done advancing hosts to next task
2017-07-11 16:47:53,168 p=14076 u=automation |   14076 1499762873.16838: getting variables
2017-07-11 16:47:53,169 p=14076 u=automation |   14076 1499762873.16881: in VariableManager get_vars()
2017-07-11 16:47:53,170 p=14076 u=automation |   14076 1499762873.16971: Loading FilterModule 'core' from /usr/local/lib/python2.7/dist-packages/ansible/plugins/filter/core.py (found_in_cache=True, class_only=False)
2017-07-11 16:47:53,170 p=14076 u=automation |   14076 1499762873.17018: Loading FilterModule 'ipaddr' from /usr/local/lib/python2.7/dist-packages/ansible/plugins/filter/ipaddr.py (found_in_cache=True, class_only=False)
2017-07-11 16:47:53,170 p=14076 u=automation |   14076 1499762873.17059: Loading FilterModule 'json_query' from /usr/local/lib/python2.7/dist-packages/ansible/plugins/filter/json_query.py (found_in_cache=True, class_only=False)
2017-07-11 16:47:53,171 p=14076 u=automation |   14076 1499762873.17097: Loading FilterModule 'mathstuff' from /usr/local/lib/python2.7/dist-packages/ansible/plugins/filter/mathstuff.py (found_in_cache=True, class_only=False)
2017-07-11 16:47:53,172 p=14076 u=automation |   14076 1499762873.17161: Loading TestModule 'core' from /usr/local/lib/python2.7/dist-packages/ansible/plugins/test/core.py (found_in_cache=True, class_only=False)
2017-07-11 16:47:53,172 p=14076 u=automation |   14076 1499762873.17219: Loading TestModule 'files' from /usr/local/lib/python2.7/dist-packages/ansible/plugins/test/files.py (found_in_cache=True, class_only=False)
2017-07-11 16:47:53,173 p=14076 u=automation |   14076 1499762873.17281: Loading TestModule 'mathstuff' from /usr/local/lib/python2.7/dist-packages/ansible/plugins/test/mathstuff.py (found_in_cache=True, class_only=False)
2017-07-11 16:47:53,174 p=14076 u=automation |   14076 1499762873.17367: done with get_vars()
2017-07-11 16:47:53,174 p=14076 u=automation |   14076 1499762873.17419: done getting variables
2017-07-11 16:47:53,174 p=14076 u=automation |   14076 1499762873.17463: sending task start callback, copying the task so we can template it temporarily
2017-07-11 16:47:53,175 p=14076 u=automation |   14076 1499762873.17513: done copying, going to template now
2017-07-11 16:47:53,175 p=14076 u=automation |   14076 1499762873.17545: done templating
2017-07-11 16:47:53,175 p=14076 u=automation |   14076 1499762873.17573: here goes the callback...
2017-07-11 16:47:53,176 p=14076 u=automation |  TASK [Checking NETCONF connectivity] *********************************************************************************************
2017-07-11 16:47:53,176 p=14076 u=automation |  task path: /home/automation/ansible/playbooks/pb.test.get_facts.yaml:14
2017-07-11 16:47:53,177 p=14076 u=automation |   14076 1499762873.17701: sending task start callback
2017-07-11 16:47:53,177 p=14076 u=automation |   14076 1499762873.17738: entering _queue_task() for HAN/wait_for
2017-07-11 16:47:53,177 p=14076 u=automation |   14076 1499762873.17765: Creating lock for wait_for
2017-07-11 16:47:53,179 p=14076 u=automation |   14076 1499762873.17871: worker is 1 (out of 1 available)
2017-07-11 16:47:53,179 p=14076 u=automation |   14076 1499762873.17965: exiting _queue_task() for HAN/wait_for
2017-07-11 16:47:53,180 p=14076 u=automation |   14076 1499762873.18013: done queuing things up, now waiting for results queue to drain
2017-07-11 16:47:53,180 p=14076 u=automation |   14076 1499762873.18057: waiting for pending results...
2017-07-11 16:47:53,185 p=14076 u=automation |   14083 1499762873.18540: running TaskExecutor() for HAN/TASK: Checking NETCONF connectivity
2017-07-11 16:47:53,187 p=14076 u=automation |   14083 1499762873.18664: in run()
2017-07-11 16:47:53,188 p=14076 u=automation |   14083 1499762873.18790: calling self._execute()
2017-07-11 16:47:53,190 p=14076 u=automation |   14083 1499762873.19065: Loading FilterModule 'core' from /usr/local/lib/python2.7/dist-packages/ansible/plugins/filter/core.py (found_in_cache=True, class_only=False)
2017-07-11 16:47:53,191 p=14076 u=automation |   14083 1499762873.19116: Loading FilterModule 'ipaddr' from /usr/local/lib/python2.7/dist-packages/ansible/plugins/filter/ipaddr.py (found_in_cache=True, class_only=False)
2017-07-11 16:47:53,192 p=14076 u=automation |   14083 1499762873.19169: Loading FilterModule 'json_query' from /usr/local/lib/python2.7/dist-packages/ansible/plugins/filter/json_query.py (found_in_cache=True, class_only=False)
2017-07-11 16:47:53,192 p=14076 u=automation |   14083 1499762873.19221: Loading FilterModule 'mathstuff' from /usr/local/lib/python2.7/dist-packages/ansible/plugins/filter/mathstuff.py (found_in_cache=True, class_only=False)
2017-07-11 16:47:53,193 p=14076 u=automation |   14083 1499762873.19294: Loading TestModule 'core' from /usr/local/lib/python2.7/dist-packages/ansible/plugins/test/core.py (found_in_cache=True, class_only=False)
2017-07-11 16:47:53,193 p=14076 u=automation |   14083 1499762873.19340: Loading TestModule 'files' from /usr/local/lib/python2.7/dist-packages/ansible/plugins/test/files.py (found_in_cache=True, class_only=False)
2017-07-11 16:47:53,194 p=14076 u=automation |   14083 1499762873.19372: Loading TestModule 'mathstuff' from /usr/local/lib/python2.7/dist-packages/ansible/plugins/test/mathstuff.py (found_in_cache=True, class_only=False)
2017-07-11 16:47:53,200 p=14076 u=automation |   14083 1499762873.19982: Loading Connection 'local' from /usr/local/lib/python2.7/dist-packages/ansible/plugins/connection/local.py
2017-07-11 16:47:53,201 p=14076 u=automation |   14083 1499762873.20082: Loading ShellModule 'csh' from /usr/local/lib/python2.7/dist-packages/ansible/plugins/shell/csh.py
2017-07-11 16:47:53,201 p=14076 u=automation |   14083 1499762873.20146: Loading ShellModule 'fish' from /usr/local/lib/python2.7/dist-packages/ansible/plugins/shell/fish.py
2017-07-11 16:47:53,202 p=14076 u=automation |   14083 1499762873.20215: Loading ShellModule 'powershell' from /usr/local/lib/python2.7/dist-packages/ansible/plugins/shell/powershell.py
2017-07-11 16:47:53,203 p=14076 u=automation |   14083 1499762873.20279: Loading ShellModule 'sh' from /usr/local/lib/python2.7/dist-packages/ansible/plugins/shell/sh.py
2017-07-11 16:47:53,203 p=14076 u=automation |   14083 1499762873.20338: Loading ShellModule 'sh' from /usr/local/lib/python2.7/dist-packages/ansible/plugins/shell/sh.py (found_in_cache=True, class_only=False)
2017-07-11 16:47:53,204 p=14076 u=automation |   14083 1499762873.20408: Loading ActionModule 'normal' from /usr/local/lib/python2.7/dist-packages/ansible/plugins/action/normal.py
2017-07-11 16:47:53,205 p=14076 u=automation |   14083 1499762873.20474: starting attempt loop
2017-07-11 16:47:53,205 p=14076 u=automation |   14083 1499762873.20513: running the handler
2017-07-11 16:47:53,206 p=14076 u=automation |   14083 1499762873.20574: ANSIBALLZ: Using lock for wait_for
2017-07-11 16:47:53,206 p=14076 u=automation |   14083 1499762873.20620: ANSIBALLZ: Acquiring lock
2017-07-11 16:47:53,207 p=14076 u=automation |   14083 1499762873.20669: ANSIBALLZ: Lock acquired: 140618739298448
2017-07-11 16:47:53,207 p=14076 u=automation |   14083 1499762873.20711: ANSIBALLZ: Creating module
2017-07-11 16:47:53,274 p=14076 u=automation |   14083 1499762873.27410: ANSIBALLZ: Writing module
2017-07-11 16:47:53,275 p=14076 u=automation |   14083 1499762873.27478: ANSIBALLZ: Renaming module
2017-07-11 16:47:53,275 p=14076 u=automation |   14083 1499762873.27512: ANSIBALLZ: Done creating module
2017-07-11 16:47:53,276 p=14076 u=automation |  Using module file /usr/local/lib/python2.7/dist-packages/ansible/modules/utilities/logic/wait_for.py
2017-07-11 16:47:53,276 p=14076 u=automation |   14083 1499762873.27642: _low_level_execute_command(): starting
2017-07-11 16:47:53,277 p=14076 u=automation |   14083 1499762873.27692: _low_level_execute_command(): executing: /bin/sh -c 'echo ~ && sleep 0'
2017-07-11 16:47:53,277 p=14076 u=automation |   14083 1499762873.27746: in local.exec_command()
2017-07-11 16:47:53,278 p=14076 u=automation |   14083 1499762873.27814: opening command with Popen()
2017-07-11 16:47:53,280 p=14076 u=automation |   14083 1499762873.28024: done running command with Popen()
2017-07-11 16:47:53,281 p=14076 u=automation |   14083 1499762873.28083: getting output with communicate()
2017-07-11 16:47:53,282 p=14076 u=automation |   14083 1499762873.28246: done communicating
2017-07-11 16:47:53,283 p=14076 u=automation |   14083 1499762873.28301: done with local.exec_command()
2017-07-11 16:47:53,284 p=14076 u=automation |   14083 1499762873.28356: _low_level_execute_command() done: rc=0, stdout=/home/automation
, stderr=
2017-07-11 16:47:53,284 p=14076 u=automation |   14083 1499762873.28433: _low_level_execute_command(): starting
2017-07-11 16:47:53,285 p=14076 u=automation |   14083 1499762873.28481: _low_level_execute_command(): executing: /bin/sh -c '( umask 77 && mkdir -p "` echo /home/automation/.ansible/tmp/ansible-tmp-1499762873.28-137515533443588 `" && echo ansible-tmp-1499762873.28-137515533443588="` echo /home/automation/.ansible/tmp/ansible-tmp-1499762873.28-137515533443588 `" ) && sleep 0'
2017-07-11 16:47:53,285 p=14076 u=automation |   14083 1499762873.28532: in local.exec_command()
2017-07-11 16:47:53,286 p=14076 u=automation |   14083 1499762873.28613: opening command with Popen()
2017-07-11 16:47:53,289 p=14076 u=automation |   14083 1499762873.28845: done running command with Popen()
2017-07-11 16:47:53,289 p=14076 u=automation |   14083 1499762873.28928: getting output with communicate()
2017-07-11 16:47:53,292 p=14076 u=automation |   14083 1499762873.29202: done communicating
2017-07-11 16:47:53,292 p=14076 u=automation |   14083 1499762873.29248: done with local.exec_command()
2017-07-11 16:47:53,293 p=14076 u=automation |   14083 1499762873.29292: _low_level_execute_command() done: rc=0, stdout=ansible-tmp-1499762873.28-137515533443588=/home/automation/.ansible/tmp/ansible-tmp-1499762873.28-137515533443588
, stderr=
2017-07-11 16:47:53,294 p=14076 u=automation |   14083 1499762873.29382: transferring module to remote /home/automation/.ansible/tmp/ansible-tmp-1499762873.28-137515533443588/wait_for.py
2017-07-11 16:47:53,296 p=14076 u=automation |   14083 1499762873.29574: done transferring module to remote
2017-07-11 16:47:53,296 p=14076 u=automation |   14083 1499762873.29654: _low_level_execute_command(): starting
2017-07-11 16:47:53,297 p=14076 u=automation |   14083 1499762873.29686: _low_level_execute_command(): executing: /bin/sh -c 'chmod u+x /home/automation/.ansible/tmp/ansible-tmp-1499762873.28-137515533443588/ /home/automation/.ansible/tmp/ansible-tmp-1499762873.28-137515533443588/wait_for.py && sleep 0'
2017-07-11 16:47:53,297 p=14076 u=automation |   14083 1499762873.29730: in local.exec_command()
2017-07-11 16:47:53,298 p=14076 u=automation |   14083 1499762873.29802: opening command with Popen()
2017-07-11 16:47:53,301 p=14076 u=automation |   14083 1499762873.30055: done running command with Popen()
2017-07-11 16:47:53,301 p=14076 u=automation |   14083 1499762873.30127: getting output with communicate()
2017-07-11 16:47:53,303 p=14076 u=automation |   14083 1499762873.30319: done communicating
2017-07-11 16:47:53,304 p=14076 u=automation |   14083 1499762873.30375: done with local.exec_command()
2017-07-11 16:47:53,304 p=14076 u=automation |   14083 1499762873.30420: _low_level_execute_command() done: rc=0, stdout=, stderr=
2017-07-11 16:47:53,305 p=14076 u=automation |   14083 1499762873.30471: _low_level_execute_command(): starting
2017-07-11 16:47:53,305 p=14076 u=automation |   14083 1499762873.30540: _low_level_execute_command(): executing: /bin/sh -c '/usr/bin/python /home/automation/.ansible/tmp/ansible-tmp-1499762873.28-137515533443588/wait_for.py; rm -rf "/home/automation/.ansible/tmp/ansible-tmp-1499762873.28-137515533443588/" > /dev/null 2>&1 && sleep 0'
2017-07-11 16:47:53,306 p=14076 u=automation |   14083 1499762873.30590: in local.exec_command()
2017-07-11 16:47:53,306 p=14076 u=automation |   14083 1499762873.30664: opening command with Popen()
2017-07-11 16:47:53,309 p=14076 u=automation |   14083 1499762873.30902: done running command with Popen()
2017-07-11 16:47:53,310 p=14076 u=automation |   14083 1499762873.30972: getting output with communicate()
2017-07-11 16:47:53,384 p=14076 u=automation |   14083 1499762873.38369: done communicating
2017-07-11 16:47:53,384 p=14076 u=automation |   14083 1499762873.38433: done with local.exec_command()
2017-07-11 16:47:53,386 p=14076 u=automation |   14083 1499762873.38502: _low_level_execute_command() done: rc=0, stdout=
{"changed": false, "elapsed": 0, "search_regex": null, "state": "started", "invocation": {"module_args": {"active_connection_states": ["ESTABLISHED", "SYN_SENT", "SYN_RECV", "FIN_WAIT1", "FIN_WAIT2", "TIME_WAIT"], "host": "192.168.100.100", "port": 830, "delay": 0, "state": "started", "sleep": 1, "timeout": 5, "exclude_hosts": null, "search_regex": null, "path": null, "connect_timeout": 5}}, "path": null, "port": 830}
, stderr=
2017-07-11 16:47:53,386 p=14076 u=automation |   14083 1499762873.38636: done with _execute_module (wait_for, {'_ansible_version': '2.3.1.0', '_ansible_selinux_special_fs': [u'fuse', u'nfs', u'vboxsf', u'ramfs', u'9p'], '_ansible_no_log': False, '_ansible_module_name': u'wait_for', '_ansible_verbosity': 4, '_ansible_syslog_facility': u'LOG_USER', '_ansible_socket': None, u'host': u'192.168.100.100', '_ansible_diff': False, u'timeout': u'5', '_ansible_debug': True, '_ansible_check_mode': False, u'port': 830})
2017-07-11 16:47:53,387 p=14076 u=automation |   14083 1499762873.38685: handler run complete
2017-07-11 16:47:53,387 p=14076 u=automation |   14083 1499762873.38736: attempt loop complete, returning result
2017-07-11 16:47:53,388 p=14076 u=automation |   14083 1499762873.38793: _execute() done
2017-07-11 16:47:53,388 p=14076 u=automation |   14083 1499762873.38860: dumping result to json
2017-07-11 16:47:53,389 p=14076 u=automation |   14083 1499762873.38921: done dumping result, returning
2017-07-11 16:47:53,390 p=14076 u=automation |   14083 1499762873.38983: done running TaskExecutor() for HAN/TASK: Checking NETCONF connectivity
2017-07-11 16:47:53,390 p=14076 u=automation |   14083 1499762873.39032: sending task result
2017-07-11 16:47:53,391 p=14076 u=automation |   14083 1499762873.39104: done sending task result
2017-07-11 16:47:53,391 p=14076 u=automation |   14083 1499762873.39141: WORKER PROCESS EXITING
2017-07-11 16:47:53,394 p=14076 u=automation |  ok: [HAN] => {
    "changed": false, 
    "elapsed": 0, 
    "invocation": {
        "module_args": {
            "active_connection_states": [
                "ESTABLISHED", 
                "SYN_SENT", 
                "SYN_RECV", 
                "FIN_WAIT1", 
                "FIN_WAIT2", 
                "TIME_WAIT"
            ], 
            "connect_timeout": 5, 
            "delay": 0, 
            "exclude_hosts": null, 
            "host": "192.168.100.100", 
            "path": null, 
            "port": 830, 
            "search_regex": null, 
            "sleep": 1, 
            "state": "started", 
            "timeout": 5
        }
    }, 
    "path": null, 
    "port": 830, 
    "search_regex": null, 
    "state": "started"
}
2017-07-11 16:47:53,394 p=14076 u=automation |   14076 1499762873.39470: no more pending results, returning what we have
2017-07-11 16:47:53,395 p=14076 u=automation |   14076 1499762873.39515: results queue empty
2017-07-11 16:47:53,395 p=14076 u=automation |   14076 1499762873.39556: checking for any_errors_fatal
2017-07-11 16:47:53,396 p=14076 u=automation |   14076 1499762873.39601: done checking for any_errors_fatal
2017-07-11 16:47:53,396 p=14076 u=automation |   14076 1499762873.39644: checking for max_fail_percentage
2017-07-11 16:47:53,397 p=14076 u=automation |   14076 1499762873.39674: done checking for max_fail_percentage
2017-07-11 16:47:53,397 p=14076 u=automation |   14076 1499762873.39714: checking to see if all hosts have failed and the running result is not ok
2017-07-11 16:47:53,397 p=14076 u=automation |   14076 1499762873.39751: done checking to see if all hosts have failed
2017-07-11 16:47:53,398 p=14076 u=automation |   14076 1499762873.39781: getting the remaining hosts for this loop
2017-07-11 16:47:53,398 p=14076 u=automation |   14076 1499762873.39826: done getting the remaining hosts for this loop
2017-07-11 16:47:53,398 p=14076 u=automation |   14076 1499762873.39866: building list of next tasks for hosts
2017-07-11 16:47:53,399 p=14076 u=automation |   14076 1499762873.39904: getting the next task for host HAN
2017-07-11 16:47:53,399 p=14076 u=automation |   14076 1499762873.39950: done getting next task for host HAN
2017-07-11 16:47:53,400 p=14076 u=automation |   14076 1499762873.39989:  ^ task is: TASK: run show version on remote devices
2017-07-11 16:47:53,400 p=14076 u=automation |   14076 1499762873.40024:  ^ state is: HOST STATE: block=2, task=2, rescue=0, always=0, run_state=ITERATING_TASKS, fail_state=FAILED_NONE, pending_setup=False, tasks child state? (None), rescue child state? (None), always child state? (None), did rescue? False, did start at task? False
2017-07-11 16:47:53,400 p=14076 u=automation |   14076 1499762873.40053: done building task lists
2017-07-11 16:47:53,401 p=14076 u=automation |   14076 1499762873.40090: counting tasks in each state of execution
2017-07-11 16:47:53,401 p=14076 u=automation |   14076 1499762873.40131: done counting tasks in each state of execution:
	num_setups: 0
	num_tasks: 1
	num_rescue: 0
	num_always: 0
2017-07-11 16:47:53,402 p=14076 u=automation |   14076 1499762873.40204: advancing hosts in ITERATING_TASKS
2017-07-11 16:47:53,402 p=14076 u=automation |   14076 1499762873.40233: starting to advance hosts
2017-07-11 16:47:53,403 p=14076 u=automation |   14076 1499762873.40280: getting the next task for host HAN
2017-07-11 16:47:53,403 p=14076 u=automation |   14076 1499762873.40319: done getting next task for host HAN
2017-07-11 16:47:53,403 p=14076 u=automation |   14076 1499762873.40363:  ^ task is: TASK: run show version on remote devices
2017-07-11 16:47:53,404 p=14076 u=automation |   14076 1499762873.40391:  ^ state is: HOST STATE: block=2, task=2, rescue=0, always=0, run_state=ITERATING_TASKS, fail_state=FAILED_NONE, pending_setup=False, tasks child state? (None), rescue child state? (None), always child state? (None), did rescue? False, did start at task? False
2017-07-11 16:47:53,404 p=14076 u=automation |   14076 1499762873.40431: done advancing hosts to next task
2017-07-11 16:47:53,404 p=14076 u=automation |   14076 1499762873.40474: getting variables
2017-07-11 16:47:53,405 p=14076 u=automation |   14076 1499762873.40511: in VariableManager get_vars()
2017-07-11 16:47:53,406 p=14076 u=automation |   14076 1499762873.40576: Loading FilterModule 'core' from /usr/local/lib/python2.7/dist-packages/ansible/plugins/filter/core.py (found_in_cache=True, class_only=False)
2017-07-11 16:47:53,406 p=14076 u=automation |   14076 1499762873.40622: Loading FilterModule 'ipaddr' from /usr/local/lib/python2.7/dist-packages/ansible/plugins/filter/ipaddr.py (found_in_cache=True, class_only=False)
2017-07-11 16:47:53,406 p=14076 u=automation |   14076 1499762873.40652: Loading FilterModule 'json_query' from /usr/local/lib/python2.7/dist-packages/ansible/plugins/filter/json_query.py (found_in_cache=True, class_only=False)
2017-07-11 16:47:53,407 p=14076 u=automation |   14076 1499762873.40692: Loading FilterModule 'mathstuff' from /usr/local/lib/python2.7/dist-packages/ansible/plugins/filter/mathstuff.py (found_in_cache=True, class_only=False)
2017-07-11 16:47:53,407 p=14076 u=automation |   14076 1499762873.40744: Loading TestModule 'core' from /usr/local/lib/python2.7/dist-packages/ansible/plugins/test/core.py (found_in_cache=True, class_only=False)
2017-07-11 16:47:53,408 p=14076 u=automation |   14076 1499762873.40788: Loading TestModule 'files' from /usr/local/lib/python2.7/dist-packages/ansible/plugins/test/files.py (found_in_cache=True, class_only=False)
2017-07-11 16:47:53,408 p=14076 u=automation |   14076 1499762873.40845: Loading TestModule 'mathstuff' from /usr/local/lib/python2.7/dist-packages/ansible/plugins/test/mathstuff.py (found_in_cache=True, class_only=False)
2017-07-11 16:47:53,409 p=14076 u=automation |   14076 1499762873.40961: done with get_vars()
2017-07-11 16:47:53,410 p=14076 u=automation |   14076 1499762873.41021: done getting variables
2017-07-11 16:47:53,410 p=14076 u=automation |   14076 1499762873.41062: sending task start callback, copying the task so we can template it temporarily
2017-07-11 16:47:53,411 p=14076 u=automation |   14076 1499762873.41099: done copying, going to template now
2017-07-11 16:47:53,411 p=14076 u=automation |   14076 1499762873.41130: done templating
2017-07-11 16:47:53,412 p=14076 u=automation |   14076 1499762873.41170: here goes the callback...
2017-07-11 16:47:53,412 p=14076 u=automation |  TASK [run show version on remote devices] ****************************************************************************************
2017-07-11 16:47:53,413 p=14076 u=automation |  task path: /home/automation/ansible/playbooks/pb.test.get_facts.yaml:47
2017-07-11 16:47:53,413 p=14076 u=automation |   14076 1499762873.41311: sending task start callback
2017-07-11 16:47:53,413 p=14076 u=automation |   14076 1499762873.41344: entering _queue_task() for HAN/junos_command
2017-07-11 16:47:53,413 p=14076 u=automation |   14076 1499762873.41369: Creating lock for junos_command
2017-07-11 16:47:53,415 p=14076 u=automation |   14076 1499762873.41470: worker is 1 (out of 1 available)
2017-07-11 16:47:53,416 p=14076 u=automation |   14076 1499762873.41585: exiting _queue_task() for HAN/junos_command
2017-07-11 16:47:53,416 p=14076 u=automation |   14076 1499762873.41640: done queuing things up, now waiting for results queue to drain
2017-07-11 16:47:53,417 p=14076 u=automation |   14076 1499762873.41685: waiting for pending results...
2017-07-11 16:47:53,421 p=14076 u=automation |   14105 1499762873.42101: running TaskExecutor() for HAN/TASK: run show version on remote devices
2017-07-11 16:47:53,422 p=14076 u=automation |   14105 1499762873.42211: in run()
2017-07-11 16:47:53,423 p=14076 u=automation |   14105 1499762873.42311: calling self._execute()
2017-07-11 16:47:53,426 p=14076 u=automation |   14105 1499762873.42574: Loading FilterModule 'core' from /usr/local/lib/python2.7/dist-packages/ansible/plugins/filter/core.py (found_in_cache=True, class_only=False)
2017-07-11 16:47:53,426 p=14076 u=automation |   14105 1499762873.42624: Loading FilterModule 'ipaddr' from /usr/local/lib/python2.7/dist-packages/ansible/plugins/filter/ipaddr.py (found_in_cache=True, class_only=False)
2017-07-11 16:47:53,426 p=14076 u=automation |   14105 1499762873.42664: Loading FilterModule 'json_query' from /usr/local/lib/python2.7/dist-packages/ansible/plugins/filter/json_query.py (found_in_cache=True, class_only=False)
2017-07-11 16:47:53,427 p=14076 u=automation |   14105 1499762873.42707: Loading FilterModule 'mathstuff' from /usr/local/lib/python2.7/dist-packages/ansible/plugins/filter/mathstuff.py (found_in_cache=True, class_only=False)
2017-07-11 16:47:53,428 p=14076 u=automation |   14105 1499762873.42791: Loading TestModule 'core' from /usr/local/lib/python2.7/dist-packages/ansible/plugins/test/core.py (found_in_cache=True, class_only=False)
2017-07-11 16:47:53,428 p=14076 u=automation |   14105 1499762873.42835: Loading TestModule 'files' from /usr/local/lib/python2.7/dist-packages/ansible/plugins/test/files.py (found_in_cache=True, class_only=False)
2017-07-11 16:47:53,429 p=14076 u=automation |   14105 1499762873.42889: Loading TestModule 'mathstuff' from /usr/local/lib/python2.7/dist-packages/ansible/plugins/test/mathstuff.py (found_in_cache=True, class_only=False)
2017-07-11 16:47:53,433 p=14076 u=automation |   14105 1499762873.43361: Loading FilterModule 'core' from /usr/local/lib/python2.7/dist-packages/ansible/plugins/filter/core.py (found_in_cache=True, class_only=False)
2017-07-11 16:47:53,434 p=14076 u=automation |   14105 1499762873.43413: Loading FilterModule 'ipaddr' from /usr/local/lib/python2.7/dist-packages/ansible/plugins/filter/ipaddr.py (found_in_cache=True, class_only=False)
2017-07-11 16:47:53,435 p=14076 u=automation |   14105 1499762873.43473: Loading FilterModule 'json_query' from /usr/local/lib/python2.7/dist-packages/ansible/plugins/filter/json_query.py (found_in_cache=True, class_only=False)
2017-07-11 16:47:53,435 p=14076 u=automation |   14105 1499762873.43519: Loading FilterModule 'mathstuff' from /usr/local/lib/python2.7/dist-packages/ansible/plugins/filter/mathstuff.py (found_in_cache=True, class_only=False)
2017-07-11 16:47:53,435 p=14076 u=automation |   14105 1499762873.43572: Loading TestModule 'core' from /usr/local/lib/python2.7/dist-packages/ansible/plugins/test/core.py (found_in_cache=True, class_only=False)
2017-07-11 16:47:53,436 p=14076 u=automation |   14105 1499762873.43613: Loading TestModule 'files' from /usr/local/lib/python2.7/dist-packages/ansible/plugins/test/files.py (found_in_cache=True, class_only=False)
2017-07-11 16:47:53,436 p=14076 u=automation |   14105 1499762873.43645: Loading TestModule 'mathstuff' from /usr/local/lib/python2.7/dist-packages/ansible/plugins/test/mathstuff.py (found_in_cache=True, class_only=False)
2017-07-11 16:47:53,439 p=14076 u=automation |   14105 1499762873.43950: Loading Connection 'local' from /usr/local/lib/python2.7/dist-packages/ansible/plugins/connection/local.py
2017-07-11 16:47:53,440 p=14076 u=automation |   14105 1499762873.44025: Loading ShellModule 'csh' from /usr/local/lib/python2.7/dist-packages/ansible/plugins/shell/csh.py
2017-07-11 16:47:53,441 p=14076 u=automation |   14105 1499762873.44082: Loading ShellModule 'fish' from /usr/local/lib/python2.7/dist-packages/ansible/plugins/shell/fish.py
2017-07-11 16:47:53,441 p=14076 u=automation |   14105 1499762873.44160: Loading ShellModule 'powershell' from /usr/local/lib/python2.7/dist-packages/ansible/plugins/shell/powershell.py
2017-07-11 16:47:53,442 p=14076 u=automation |   14105 1499762873.44203: Loading ShellModule 'sh' from /usr/local/lib/python2.7/dist-packages/ansible/plugins/shell/sh.py
2017-07-11 16:47:53,443 p=14076 u=automation |   14105 1499762873.44261: Loading ShellModule 'sh' from /usr/local/lib/python2.7/dist-packages/ansible/plugins/shell/sh.py (found_in_cache=True, class_only=False)
2017-07-11 16:47:53,445 p=14076 u=automation |   14105 1499762873.44552: Loading ActionModule 'junos' from /usr/local/lib/python2.7/dist-packages/ansible/plugins/action/junos.py
2017-07-11 16:47:53,446 p=14076 u=automation |   14105 1499762873.44595: starting attempt loop
2017-07-11 16:47:53,446 p=14076 u=automation |   14105 1499762873.44640: running the handler
2017-07-11 16:47:53,460 p=14076 u=automation |   14105 1499762873.45974: Loading Connection 'persistent' from /usr/local/lib/python2.7/dist-packages/ansible/plugins/connection/persistent.py
2017-07-11 16:47:53,460 p=14076 u=automation |   14105 1499762873.46032: Loading ShellModule 'csh' from /usr/local/lib/python2.7/dist-packages/ansible/plugins/shell/csh.py (found_in_cache=True, class_only=False)
2017-07-11 16:47:53,461 p=14076 u=automation |   14105 1499762873.46077: Loading ShellModule 'fish' from /usr/local/lib/python2.7/dist-packages/ansible/plugins/shell/fish.py (found_in_cache=True, class_only=False)
2017-07-11 16:47:53,461 p=14076 u=automation |   14105 1499762873.46113: Loading ShellModule 'powershell' from /usr/local/lib/python2.7/dist-packages/ansible/plugins/shell/powershell.py (found_in_cache=True, class_only=False)
2017-07-11 16:47:53,461 p=14076 u=automation |   14105 1499762873.46150: Loading ShellModule 'sh' from /usr/local/lib/python2.7/dist-packages/ansible/plugins/shell/sh.py (found_in_cache=True, class_only=False)
2017-07-11 16:47:53,462 p=14076 u=automation |   14105 1499762873.46185: Loading ShellModule 'sh' from /usr/local/lib/python2.7/dist-packages/ansible/plugins/shell/sh.py (found_in_cache=True, class_only=False)
2017-07-11 16:47:53,462 p=14076 u=automation |   14105 1499762873.46248: Loading Connection 'ssh' from /usr/local/lib/python2.7/dist-packages/ansible/plugins/connection/ssh.py (found_in_cache=False, class_only=True)
2017-07-11 16:47:53,631 p=14106 u=automation |   14106 1499762873.63163: Loading Connection 'ssh' from /usr/local/lib/python2.7/dist-packages/ansible/plugins/connection/ssh.py (found_in_cache=False, class_only=True)
2017-07-11 16:47:53,637 p=14106 u=automation |  creating new control socket for host 192.168.100.100:830 as user automation
2017-07-11 16:47:53,638 p=14106 u=automation |  control socket path is /home/automation/.ansible/pc/d3e819b189
2017-07-11 16:47:53,638 p=14106 u=automation |  current working directory is /home/automation/ansible/playbooks
2017-07-11 16:47:53,638 p=14106 u=automation |  using connection plugin netconf
 14112 1499762873.69968: Loading Connection 'netconf' from /usr/local/lib/python2.7/dist-packages/ansible/plugins/connection/netconf.py
2017-07-11 16:47:53,699 p=14106 u=automation |   14112 1499762873.69968: Loading Connection 'netconf' from /usr/local/lib/python2.7/dist-packages/ansible/plugins/connection/netconf.py
 14112 1499762873.70113: Loading ShellModule 'csh' from /usr/local/lib/python2.7/dist-packages/ansible/plugins/shell/csh.py
2017-07-11 16:47:53,701 p=14106 u=automation |   14112 1499762873.70113: Loading ShellModule 'csh' from /usr/local/lib/python2.7/dist-packages/ansible/plugins/shell/csh.py
 14112 1499762873.70140: Loading ShellModule 'fish' from /usr/local/lib/python2.7/dist-packages/ansible/plugins/shell/fish.py
2017-07-11 16:47:53,701 p=14106 u=automation |   14112 1499762873.70140: Loading ShellModule 'fish' from /usr/local/lib/python2.7/dist-packages/ansible/plugins/shell/fish.py
 14112 1499762873.70181: Loading ShellModule 'powershell' from /usr/local/lib/python2.7/dist-packages/ansible/plugins/shell/powershell.py
2017-07-11 16:47:53,701 p=14106 u=automation |   14112 1499762873.70181: Loading ShellModule 'powershell' from /usr/local/lib/python2.7/dist-packages/ansible/plugins/shell/powershell.py
 14112 1499762873.70199: Loading ShellModule 'sh' from /usr/local/lib/python2.7/dist-packages/ansible/plugins/shell/sh.py
2017-07-11 16:47:53,702 p=14106 u=automation |   14112 1499762873.70199: Loading ShellModule 'sh' from /usr/local/lib/python2.7/dist-packages/ansible/plugins/shell/sh.py
 14112 1499762873.70231: Loading ShellModule 'sh' from /usr/local/lib/python2.7/dist-packages/ansible/plugins/shell/sh.py (found_in_cache=True, class_only=False)
2017-07-11 16:47:53,702 p=14106 u=automation |   14112 1499762873.70231: Loading ShellModule 'sh' from /usr/local/lib/python2.7/dist-packages/ansible/plugins/shell/sh.py (found_in_cache=True, class_only=False)
2017-07-11 16:47:53,702 p=14106 u=automation |  network_os is set to junos
2017-07-11 16:47:53,702 p=14106 u=automation |  ssh connection done, stating ncclient
2017-07-11 16:47:53,743 ncclient.transport.ssh Connected (version 2.0, client OpenSSH_7.1)
2017-07-11 16:47:53,870 p=14106 u=automation |  connecting to host 192.168.100.100 returned an error
2017-07-11 16:47:53,871 p=14106 u=automation |  Unknown host key [6f:26:72:7b:6b:b0:ef:93:1c:96:f3:6c:4e:de:83:3b] for [192.168.100.100]
2017-07-11 16:48:23,653 p=14106 u=automation |  number of connection attempts exceeded, unable to connect to control socket
2017-07-11 16:48:23,653 p=14106 u=automation |  persistent_connect_interval=1, persistent_connect_retries=30
2017-07-11 16:48:23,668 p=14076 u=automation |  open_session() returned 255  14106 1499762873.63163: Loading Connection 'ssh' from /usr/local/lib/python2.7/dist-packages/ansible/plugins/connection/ssh.py (found_in_cache=False, class_only=True)
 failed to connect to control socket
2017-07-11 16:48:23,668 p=14076 u=automation |   14105 1499762903.66847: handler run complete
2017-07-11 16:48:23,669 p=14076 u=automation |   14105 1499762903.66921: attempt loop complete, returning result
2017-07-11 16:48:23,670 p=14076 u=automation |   14105 1499762903.66984: _execute() done
2017-07-11 16:48:23,670 p=14076 u=automation |   14105 1499762903.67040: dumping result to json
2017-07-11 16:48:23,671 p=14076 u=automation |   14105 1499762903.67107: done dumping result, returning
2017-07-11 16:48:23,671 p=14076 u=automation |   14105 1499762903.67156: done running TaskExecutor() for HAN/TASK: run show version on remote devices
2017-07-11 16:48:23,672 p=14076 u=automation |   14105 1499762903.67202: sending task result
2017-07-11 16:48:23,673 p=14076 u=automation |   14105 1499762903.67282: done sending task result
2017-07-11 16:48:23,673 p=14076 u=automation |   14105 1499762903.67314: WORKER PROCESS EXITING
2017-07-11 16:48:23,675 p=14076 u=automation |   14076 1499762903.67541: marking HAN as failed
2017-07-11 16:48:23,676 p=14076 u=automation |   14076 1499762903.67618: marking host HAN failed, current state: HOST STATE: block=2, task=2, rescue=0, always=0, run_state=ITERATING_TASKS, fail_state=FAILED_NONE, pending_setup=False, tasks child state? (None), rescue child state? (None), always child state? (None), did rescue? False, did start at task? False
2017-07-11 16:48:23,677 p=14076 u=automation |   14076 1499762903.67676: ^ failed state is now: HOST STATE: block=2, task=2, rescue=0, always=0, run_state=ITERATING_COMPLETE, fail_state=FAILED_TASKS, pending_setup=False, tasks child state? (None), rescue child state? (None), always child state? (None), did rescue? False, did start at task? False
2017-07-11 16:48:23,677 p=14076 u=automation |   14076 1499762903.67728: getting the next task for host HAN
2017-07-11 16:48:23,678 p=14076 u=automation |   14076 1499762903.67780: host HAN is done iterating, returning
2017-07-11 16:48:23,679 p=14076 u=automation |  fatal: [HAN]: FAILED! => {
    "changed": false, 
    "failed": true, 
    "msg": "unable to open shell. Please see: https://docs.ansible.com/ansible/network_debug_troubleshooting.html#unable-to-open-shell", 
    "rc": 255
}
2017-07-11 16:48:23,680 p=14076 u=automation |   14076 1499762903.67970: no more pending results, returning what we have
2017-07-11 16:48:23,680 p=14076 u=automation |   14076 1499762903.68015: results queue empty
2017-07-11 16:48:23,680 p=14076 u=automation |   14076 1499762903.68043: checking for any_errors_fatal
2017-07-11 16:48:23,681 p=14076 u=automation |   14076 1499762903.68081: done checking for any_errors_fatal
2017-07-11 16:48:23,681 p=14076 u=automation |   14076 1499762903.68137: checking for max_fail_percentage
2017-07-11 16:48:23,682 p=14076 u=automation |   14076 1499762903.68174: done checking for max_fail_percentage
2017-07-11 16:48:23,682 p=14076 u=automation |   14076 1499762903.68210: checking to see if all hosts have failed and the running result is not ok
2017-07-11 16:48:23,682 p=14076 u=automation |   14076 1499762903.68238: done checking to see if all hosts have failed
2017-07-11 16:48:23,682 p=14076 u=automation |   14076 1499762903.68272: getting the remaining hosts for this loop
2017-07-11 16:48:23,683 p=14076 u=automation |   14076 1499762903.68307: done getting the remaining hosts for this loop
2017-07-11 16:48:23,683 p=14076 u=automation |   14076 1499762903.68349: building list of next tasks for hosts
2017-07-11 16:48:23,684 p=14076 u=automation |   14076 1499762903.68375: getting the next task for host HAN
2017-07-11 16:48:23,684 p=14076 u=automation |   14076 1499762903.68426: host HAN is done iterating, returning
2017-07-11 16:48:23,684 p=14076 u=automation |   14076 1499762903.68459: done building task lists
2017-07-11 16:48:23,685 p=14076 u=automation |   14076 1499762903.68494: counting tasks in each state of execution
2017-07-11 16:48:23,687 p=14076 u=automation |   14076 1499762903.68536: done counting tasks in each state of execution:
	num_setups: 0
	num_tasks: 0
	num_rescue: 0
	num_always: 0
2017-07-11 16:48:23,687 p=14076 u=automation |   14076 1499762903.68741: all hosts are done, so returning None's for all hosts
2017-07-11 16:48:23,688 p=14076 u=automation |   14076 1499762903.68779: done queuing things up, now waiting for results queue to drain
2017-07-11 16:48:23,688 p=14076 u=automation |   14076 1499762903.68813: results queue empty
2017-07-11 16:48:23,688 p=14076 u=automation |   14076 1499762903.68858: checking for any_errors_fatal
2017-07-11 16:48:23,689 p=14076 u=automation |   14076 1499762903.68884: done checking for any_errors_fatal
2017-07-11 16:48:23,689 p=14076 u=automation |   14076 1499762903.68920: checking for max_fail_percentage
2017-07-11 16:48:23,689 p=14076 u=automation |   14076 1499762903.68958: done checking for max_fail_percentage
2017-07-11 16:48:23,690 p=14076 u=automation |   14076 1499762903.68985: checking to see if all hosts have failed and the running result is not ok
2017-07-11 16:48:23,690 p=14076 u=automation |   14076 1499762903.69021: done checking to see if all hosts have failed
2017-07-11 16:48:23,690 p=14076 u=automation |   14076 1499762903.69063: getting the next task for host HAN
2017-07-11 16:48:23,691 p=14076 u=automation |   14076 1499762903.69102: host HAN is done iterating, returning
2017-07-11 16:48:23,691 p=14076 u=automation |   14076 1499762903.69143: running handlers
2017-07-11 16:48:23,693 p=14076 u=automation |  	to retry, use: --limit @/home/automation/ansible/playbooks/pb.test.get_facts.retry

2017-07-11 16:48:23,693 p=14076 u=automation |  PLAY RECAP ***********************************************************************************************************************
2017-07-11 16:48:23,693 p=14076 u=automation |  HAN                        : ok=1    changed=0    unreachable=0    failed=1   
2017-07-11 16:48:23,694 p=14076 u=automation |   14076 1499762903.69416: RUNNING CLEANUP
